<?xml version="1.0" encoding="UTF-8"?>
<!-- Generated by org.testng.reporters.JUnitXMLReporter -->
<testsuite ignored="5" hostname="DESKTOP-KRTRA2U" failures="0" tests="3" name="Test_sanity" time="4.866" errors="0" timestamp="2022-12-16T00:58:52 IST">
  <testcase classname="com.myproject.testcases.LoginPageTest" name="@BeforeMethod setup" time="4.73">
    <failure type="java.lang.NullPointerException" message="Cannot invoke &amp;quot;java.util.Properties.getProperty(String)&amp;quot; because &amp;quot;com.myproject.base.BaseClass.prop&amp;quot; is null">
      <![CDATA[java.lang.NullPointerException: Cannot invoke "java.util.Properties.getProperty(String)" because "com.myproject.base.BaseClass.prop" is null
at com.myproject.base.BaseClass.launchApp(BaseClass.java:66)
at com.myproject.testcases.LoginPageTest.setup(LoginPageTest.java:28)
at java.base/java.util.ArrayList.forEach(ArrayList.java:1511)
... Removed 29 stack frames]]>
    </failure>
  </testcase> <!-- @BeforeMethod setup -->
  <testcase classname="com.myproject.testcases.LoginPageTest" name="@AfterMethod tearDown" time="-1.671132532825E9">
    <skipped/>
  </testcase> <!-- @AfterMethod tearDown -->
  <testcase classname="com.myproject.testcases.LoginPageTest" name="@BeforeMethod setup" time="-1.671132532832E9">
    <skipped/>
  </testcase> <!-- @BeforeMethod setup -->
  <testcase classname="com.myproject.testcases.LoginPageTest" name="@AfterMethod tearDown" time="-1.671132532842E9">
    <skipped/>
  </testcase> <!-- @AfterMethod tearDown -->
  <testcase classname="com.myproject.testcases.LoginPageTest" name="@BeforeMethod setup" time="-1.671132532845E9">
    <skipped/>
  </testcase> <!-- @BeforeMethod setup -->
  <testcase classname="com.myproject.testcases.LoginPageTest" name="@AfterMethod tearDown" time="-1.671132532861E9">
    <skipped/>
  </testcase> <!-- @AfterMethod tearDown -->
  <testcase classname="com.myproject.testcases.LoginPageTest" name="VerifyLandPage" time="0.0">
    <skipped/>
  </testcase> <!-- VerifyLandPage -->
  <testcase classname="com.myproject.testcases.LoginPageTest" name="VerifySentMail" time="0.0">
    <skipped/>
  </testcase> <!-- VerifySentMail -->
  <testcase classname="com.myproject.testcases.LoginPageTest" name="VerifyTitle" time="0.0">
    <skipped/>
  </testcase> <!-- VerifyTitle -->
  <testcase classname="com.myproject.testcases.LoginPageTest" name="VerifyDraft" time="0.0">
    <ignored/>
  </testcase> <!-- VerifyDraft -->
  <testcase classname="com.myproject.testcases.LoginPageTest" name="VerifyHomePage" time="0.0">
    <ignored/>
  </testcase> <!-- VerifyHomePage -->
  <testcase classname="com.myproject.testcases.LoginPageTest" name="VerifyFOlder" time="0.0">
    <ignored/>
  </testcase> <!-- VerifyFOlder -->
  <testcase classname="com.myproject.testcases.LoginPageTest" name="VerifyCompose" time="0.0">
    <ignored/>
  </testcase> <!-- VerifyCompose -->
  <testcase classname="com.myproject.testcases.LoginPageTest" name="VerifyLogin" time="0.0">
    <ignored/>
  </testcase> <!-- VerifyLogin -->
</testsuite> <!-- Test_sanity -->
